#
# A fatal error has been detected by the Java Runtime Environment:
#
#  EXCEPTION_ACCESS_VIOLATION (0xc0000005) at pc=0x7ba3287b, pid=13928, tid=11624
#
# JRE version: OpenJDK Runtime Environment (8.0_41-b04) (build 1.8.0_41-b04)
# Java VM: OpenJDK Client VM (25.40-b25 mixed mode windows-x86 )
# Problematic frame:
# V  [jvm.dll+0xc287b]
#
# Failed to write core dump. Minidumps are not enabled by default on client versions of Windows
#
# If you would like to submit a bug report, please visit:
#   http://bugreport.java.com/bugreport/crash.jsp
#

---------------  T H R E A D  ---------------

Current thread (0x026ac400):  JavaThread "main" [_thread_in_vm, id=11624, stack(0x00cf0000,0x00d40000)]

siginfo: ExceptionCode=0xc0000005, reading address 0x00000000

Registers:
EAX=0x00000000, EBX=0x026ac530, ECX=0x026ac400, EDX=0x0000061e
ESP=0x00d3f7ac, EBP=0x00d3f7f4, ESI=0x026ac400, EDI=0x00000000
EIP=0x7ba3287b, EFLAGS=0x00010246

Top of Stack: (sp=0x00d3f7ac)
0x00d3f7ac:   00d3f8e4 00d3f80c 14a48340 cccccccc
0x00d3f7bc:   cccccccc cccccccc cccccccc cccccccc
0x00d3f7cc:   cccccccc cccccccc cccccccc cccccccc
0x00d3f7dc:   cccccccc cccccccc 026ac400 026acaf0
0x00d3f7ec:   0000061e 7bc21258 00d3f8e4 7ac218b8
0x00d3f7fc:   026ac530 0267ac40 00000000 00d3f8f8
0x00d3f80c:   00d3fa18 14a48340 14a48340 cccccccc
0x00d3f81c:   cccccccc cccccccc cccccccc cccccccc 

Instructions: (pc=0x7ba3287b)
0x7ba3285b:   f4 ff 83 c4 08 83 7e 04 00 89 75 f0 c7 45 f4 00
0x7ba3286b:   00 00 00 74 08 8d 4d f0 e8 f8 2d 0c 00 8b 7d 10
0x7ba3287b:   8b 07 c7 45 e0 0e 00 00 00 8b 40 04 0f b7 48 1a
0x7ba3288b:   8b 50 08 8b 44 8a 2c 50 8d 4d c4 e8 65 e5 08 00 


Register to memory mapping:

EAX=0x00000000 is an unknown value
EBX=0x026ac530 is an unknown value
ECX=0x026ac400 is a thread
EDX=0x0000061e is an unknown value
ESP=0x00d3f7ac is pointing into the stack for thread: 0x026ac400
EBP=0x00d3f7f4 is pointing into the stack for thread: 0x026ac400
ESI=0x026ac400 is a thread
EDI=0x00000000 is an unknown value


Stack: [0x00cf0000,0x00d40000],  sp=0x00d3f7ac,  free space=317k
Native frames: (J=compiled Java code, j=interpreted, Vv=VM code, C=native code)
V  [jvm.dll+0xc287b]
C  [SDF_to_JCE.dll+0x118b8]  JNIEnv_::CallVoidMethod+0x48
C  [SDF_to_JCE.dll+0x1222f]  Java_com_No_1N_1Name_jce_sdf_1JNI_jni_1method_SDF_1GenerateKeyPair_1RSA+0xbf
j  com.No_N_Name.jce.sdf_JNI.jni_method.SDF_GenerateKeyPair_RSA(JJLcom/No_N_Name/jce/entity/RSArefPublicKey;Lcom/No_N_Name/jce/entity/RSArefPrivateKey;)I+0
j  com.No_N_Name.jce.provider.RSA.RSAKeyPairGeneratorSpi.generateKeyPair()Ljava/security/KeyPair;+48
j  java.security.KeyPairGenerator$Delegate.generateKeyPair()Ljava/security/KeyPair;+11
j  java.security.KeyPairGenerator.genKeyPair()Ljava/security/KeyPair;+1
j  test.RSATest.RSA_T.main([Ljava/lang/String;)V+74
v  ~StubRoutines::call_stub
V  [jvm.dll+0x139325]
V  [jvm.dll+0x1f65fe]
V  [jvm.dll+0x1393be]
V  [jvm.dll+0xbf6f7]
V  [jvm.dll+0xc7c9f]
C  [javaw.exe+0x229a]
C  [javaw.exe+0xadff]
C  [javaw.exe+0xae89]
C  [KERNEL32.DLL+0x16359]
C  [ntdll.dll+0x67b74]
C  [ntdll.dll+0x67b44]
C  0x00000000

Java frames: (J=compiled Java code, j=interpreted, Vv=VM code)
j  com.No_N_Name.jce.sdf_JNI.jni_method.SDF_GenerateKeyPair_RSA(JJLcom/No_N_Name/jce/entity/RSArefPublicKey;Lcom/No_N_Name/jce/entity/RSArefPrivateKey;)I+0
j  com.No_N_Name.jce.provider.RSA.RSAKeyPairGeneratorSpi.generateKeyPair()Ljava/security/KeyPair;+48
j  java.security.KeyPairGenerator$Delegate.generateKeyPair()Ljava/security/KeyPair;+11
j  java.security.KeyPairGenerator.genKeyPair()Ljava/security/KeyPair;+1
j  test.RSATest.RSA_T.main([Ljava/lang/String;)V+74
v  ~StubRoutines::call_stub

---------------  P R O C E S S  ---------------

Java Threads: ( => current thread )
  0x14d72400 JavaThread "Service Thread" daemon [_thread_blocked, id=16740, stack(0x151c0000,0x15210000)]
  0x14d6c400 JavaThread "C1 CompilerThread0" daemon [_thread_blocked, id=13264, stack(0x15130000,0x15180000)]
  0x14da2c00 JavaThread "Attach Listener" daemon [_thread_blocked, id=7280, stack(0x150a0000,0x150f0000)]
  0x14d67c00 JavaThread "Signal Dispatcher" daemon [_thread_blocked, id=18080, stack(0x15010000,0x15060000)]
  0x14d43c00 JavaThread "Finalizer" daemon [_thread_blocked, id=8452, stack(0x14f80000,0x14fd0000)]
  0x0267dc00 JavaThread "Reference Handler" daemon [_thread_blocked, id=2096, stack(0x14cf0000,0x14d40000)]
=>0x026ac400 JavaThread "main" [_thread_in_vm, id=11624, stack(0x00cf0000,0x00d40000)]

Other Threads:
  0x0267a000 VMThread [stack: 0x14c60000,0x14cb0000] [id=15656]
  0x14d75c00 WatcherThread [stack: 0x15250000,0x152a0000] [id=14972]

VM state:not at safepoint (normal execution)

VM Mutex/Monitor currently owned by a thread: None

Heap:
 def new generation   total 4928K, used 2267K [0x04800000, 0x04d50000, 0x09d50000)
  eden space 4416K,  51% used [0x04800000, 0x04a36d38, 0x04c50000)
  from space 512K,   0% used [0x04c50000, 0x04c50000, 0x04cd0000)
  to   space 512K,   0% used [0x04cd0000, 0x04cd0000, 0x04d50000)
 tenured generation   total 10944K, used 0K [0x09d50000, 0x0a800000, 0x14800000)
   the space 10944K,   0% used [0x09d50000, 0x09d50000, 0x09d50200, 0x0a800000)
 Metaspace       used 2311K, capacity 2360K, committed 2368K, reserved 4480K

Card table byte_map: [0x04730000,0x047c0000] byte_map_base: 0x0470c000

Polling page: 0x006c0000

CodeCache: size=32768Kb used=784Kb max_used=784Kb free=31983Kb
 bounds [0x026b0000, 0x02778000, 0x046b0000]
 total_blobs=235 nmethods=65 adapters=102
 compilation: enabled

Compilation events (10 events):
Event: 0.139 Thread 0x14d6c400   61             java.util.HashMap::hash (20 bytes)
Event: 0.139 Thread 0x14d6c400 nmethod 61 0x0276ef88 code [0x0276f080, 0x0276f11c]
Event: 0.139 Thread 0x14d6c400   62             java.lang.String::toUpperCase (439 bytes)
Event: 0.140 Thread 0x14d6c400 nmethod 62 0x0276f588 code [0x0276f790, 0x0276ff90]
Event: 0.140 Thread 0x14d6c400   63             java.lang.Character::toUpperCaseEx (30 bytes)
Event: 0.140 Thread 0x14d6c400 nmethod 63 0x027709c8 code [0x02770ad0, 0x02770b78]
Event: 0.140 Thread 0x14d6c400   64             java.lang.CharacterDataLatin1::toUpperCaseEx (71 bytes)
Event: 0.140 Thread 0x14d6c400 nmethod 64 0x02770c08 code [0x02770d00, 0x02770e00]
Event: 0.140 Thread 0x14d6c400   65             java.util.HashMap::putVal (300 bytes)
Event: 0.141 Thread 0x14d6c400 nmethod 65 0x02770f08 code [0x027710b0, 0x02771548]

GC Heap History (0 events):
No events

Deoptimization events (0 events):
No events

Internal exceptions (3 events):
Event: 0.039 Thread 0x026ac400 Exception <a 'java/lang/NoSuchMethodError': Method sun.misc.Unsafe.defineClass(Ljava/lang/String;[BII)Ljava/lang/Class; name or signature does not match> (0x04810870) thrown at [C:\ade\jenkins\workspace\8-2-build-owindows-i586-cygwin\jdk8u41\500\hotspot\srfêq{87§?
Event: 0.039 Thread 0x026ac400 Exception <a 'java/lang/NoSuchMethodError': Method sun.misc.Unsafe.prefetchRead(Ljava/lang/Object;J)V name or signature does not match> (0x04810af0) thrown at [C:\ade\jenkins\workspace\8-2-build-owindows-i586-cygwin\jdk8u41\500\hotspot\src\share\vm\prims\j≈Z◊√ÚB√?
Event: 0.150 Thread 0x026ac400 Exception <a 'java/lang/NoSuchMethodError': setBits> (0x04a290f8) thrown at [C:\ade\jenkins\workspace\8-2-build-owindows-i586-cygwin\jdk8u41\500\hotspot\src\share\vm\prims\jni.cpp, line 1566]

Events (10 events):
Event: 0.141 loading class com/No_N_Name/jce/entity/RSArefPublicKey
Event: 0.141 loading class com/No_N_Name/jce/entity/RSArefPublicKey done
Event: 0.141 loading class com/No_N_Name/jce/Numbers/MagicNumber
Event: 0.141 loading class com/No_N_Name/jce/Numbers/MagicNumber done
Event: 0.142 loading class com/No_N_Name/jce/entity/RSArefPrivateKey
Event: 0.142 loading class com/No_N_Name/jce/entity/RSArefPrivateKey done
Event: 0.142 loading class java/lang/ClassLoaderHelper
Event: 0.142 loading class java/lang/ClassLoaderHelper done
Event: 0.150 loading class com/No_N_Name/jce/sdf_JNI/jni_method
Event: 0.150 loading class com/No_N_Name/jce/sdf_JNI/jni_method done


Dynamic libraries:
0x00df0000 - 0x00e21000 	C:\Program Files\Java\openjdk-8u41-b04-windows-i586-14_jan_2020\java-se-8u41-ri\jre\bin\javaw.exe
0x77c90000 - 0x77e2a000 	C:\WINDOWS\SYSTEM32\ntdll.dll
0x76140000 - 0x76220000 	C:\WINDOWS\System32\KERNEL32.DLL
0x77850000 - 0x77a4e000 	C:\WINDOWS\System32\KERNELBASE.dll
0x77bf0000 - 0x77c69000 	C:\WINDOWS\System32\ADVAPI32.dll
0x76540000 - 0x765ff000 	C:\WINDOWS\System32\msvcrt.dll
0x75480000 - 0x754f6000 	C:\WINDOWS\System32\sechost.dll
0x76220000 - 0x762db000 	C:\WINDOWS\System32\RPCRT4.dll
0x75460000 - 0x75480000 	C:\WINDOWS\System32\SspiCli.dll
0x75450000 - 0x7545a000 	C:\WINDOWS\System32\CRYPTBASE.dll
0x77a50000 - 0x77aaf000 	C:\WINDOWS\System32\bcryptPrimitives.dll
0x75600000 - 0x75797000 	C:\WINDOWS\System32\USER32.dll
0x755b0000 - 0x755c7000 	C:\WINDOWS\System32\win32u.dll
0x755d0000 - 0x755f1000 	C:\WINDOWS\System32\GDI32.dll
0x763e0000 - 0x7653a000 	C:\WINDOWS\System32\gdi32full.dll
0x76d70000 - 0x76dec000 	C:\WINDOWS\System32\msvcp_win.dll
0x758d0000 - 0x759ef000 	C:\WINDOWS\System32\ucrtbase.dll
0x687c0000 - 0x689cf000 	C:\WINDOWS\WinSxS\x86_microsoft.windows.common-controls_6595b64144ccf1df_6.0.18362.720_none_2e6bec9c2790ac71\COMCTL32.dll
0x77460000 - 0x776d5000 	C:\WINDOWS\System32\combase.dll
0x77b70000 - 0x77b95000 	C:\WINDOWS\System32\IMM32.DLL
0x7bd10000 - 0x7bdcf000 	C:\Program Files\Java\openjdk-8u41-b04-windows-i586-14_jan_2020\java-se-8u41-ri\jre\bin\msvcr100.dll
0x7b970000 - 0x7bcf3000 	C:\Program Files\Java\openjdk-8u41-b04-windows-i586-14_jan_2020\java-se-8u41-ri\jre\bin\client\jvm.dll
0x76600000 - 0x76606000 	C:\WINDOWS\System32\PSAPI.DLL
0x73ab0000 - 0x73ab8000 	C:\WINDOWS\SYSTEM32\VERSION.dll
0x736c0000 - 0x736e4000 	C:\WINDOWS\SYSTEM32\WINMM.dll
0x65dc0000 - 0x65dc8000 	C:\WINDOWS\SYSTEM32\WSOCK32.dll
0x77400000 - 0x7745e000 	C:\WINDOWS\System32\WS2_32.dll
0x73690000 - 0x736b3000 	C:\WINDOWS\SYSTEM32\winmmbase.dll
0x76100000 - 0x7613b000 	C:\WINDOWS\System32\cfgmgr32.dll
0x7bd00000 - 0x7bd0c000 	C:\Program Files\Java\openjdk-8u41-b04-windows-i586-14_jan_2020\java-se-8u41-ri\jre\bin\verify.dll
0x7bdf0000 - 0x7be11000 	C:\Program Files\Java\openjdk-8u41-b04-windows-i586-14_jan_2020\java-se-8u41-ri\jre\bin\java.dll
0x7bdd0000 - 0x7bde3000 	C:\Program Files\Java\openjdk-8u41-b04-windows-i586-14_jan_2020\java-se-8u41-ri\jre\bin\zip.dll
0x76df0000 - 0x7736a000 	C:\WINDOWS\System32\SHELL32.dll
0x77370000 - 0x773f4000 	C:\WINDOWS\System32\shcore.dll
0x766f0000 - 0x76cb5000 	C:\WINDOWS\System32\windows.storage.dll
0x77bd0000 - 0x77beb000 	C:\WINDOWS\System32\profapi.dll
0x76610000 - 0x76653000 	C:\WINDOWS\System32\powrprof.dll
0x77ba0000 - 0x77bad000 	C:\WINDOWS\System32\UMPDC.dll
0x75fa0000 - 0x75fe4000 	C:\WINDOWS\System32\shlwapi.dll
0x77bc0000 - 0x77bcf000 	C:\WINDOWS\System32\kernel.appcore.dll
0x77ab0000 - 0x77ac3000 	C:\WINDOWS\System32\cryptsp.dll
0x7be30000 - 0x7be50000 	C:\Program Files\Java\openjdk-8u41-b04-windows-i586-14_jan_2020\java-se-8u41-ri\jre\bin\sunec.dll
0x7be20000 - 0x7be29000 	C:\Program Files\Java\openjdk-8u41-b04-windows-i586-14_jan_2020\java-se-8u41-ri\jre\bin\sunmscapi.dll
0x75ea0000 - 0x75f9b000 	C:\WINDOWS\System32\CRYPT32.dll
0x77bb0000 - 0x77bbe000 	C:\WINDOWS\System32\MSASN1.dll
0x7ac10000 - 0x7ac31000 	C:\Users\14500\Desktop\1--SJJ1012-A∑˛ŒÒ∆˜√‹¬Îª˙\JNI◊™ªª\SDF_to_JCE\Debug\SDF_to_JCE.dll
0x7c000000 - 0x7c01c000 	C:\WINDOWS\SYSTEM32\VCRUNTIME140D.dll
0x7be80000 - 0x7bff6000 	C:\WINDOWS\SYSTEM32\ucrtbased.dll
0x73f00000 - 0x7408f000 	C:\WINDOWS\SYSTEM32\dbghelp.dll

VM Arguments:
jvm_args: -Djava.library.path=C:\Users\14500\Desktop\1--SJJ1012-A∑˛ŒÒ∆˜√‹¬Îª˙\JNI◊™ªª\SDF_to_JCE\Debug -Dfile.encoding=GBK 
java_command: test.RSATest.RSA_T
java_class_path (initial): D:\eclipseWorkspace\JCE_Provider\bin
Launcher Type: SUN_STANDARD

Environment Variables:
JAVA_HOME=C:\Program Files\Java\jdk1.8.0_241
CLASSPATH=.;C:\Program Files\Java\jdk1.8.0_241\lib\dt.jar;C:\Program Files\Java\jdk1.8.0_241\lib\tools.jar;
PATH=C:/Program Files/Java/jdk1.8.0_241/bin/../jre/bin/server;C:/Program Files/Java/jdk1.8.0_241/bin/../jre/bin;C:/Program Files/Java/jdk1.8.0_241/bin/../jre/lib/amd64;C:\WINDOWS;C:\Program Files\Java\jdk1.8.0_241\bin;C:\Program Files\Java\jdk1.8.0_241\jre\bin;C:\Program Files (x86)\Common Files\Oracle\Java\javapath;C:\ProgramData\Oracle\Java\javapath;C:\Program Files (x86)\Intel\iCLS Client\;C:\Program Files\Intel\iCLS Client\;C:\Windows\system32;C:\Windows;C:\Windows\System32\Wbem;C:\Windows\System32\WindowsPowerShell\v1.0\;C:\Program Files\Intel\WiFi\bin\;C:\Program Files\Common Files\Intel\WirelessCommon\;C:\Program Files (x86)\NVIDIA Corporation\PhysX\Common;C:\Program Files (x86)\Intel\Intel(R) Management Engine Components\DAL;C:\Program Files\Intel\Intel(R) Management Engine Components\DAL;C:\Program Files (x86)\Intel\Intel(R) Management Engine Components\IPT;C:\Program Files\Intel\Intel(R) Management Engine Components\IPT;C:\Users\14500\.dnx\bin;C:\Program Files\Microsoft DNX\Dnvm\;C:\Program Files\Microsoft SQL Server\130\Tools\Binn\;C:\WINDOWS\system32;C:\WINDOWS\System32\Wbem;C:\WINDOWS\System32\WindowsPowerShell\v1.0\;C:\Program Files\Microsoft SQL Server\120\Tools\Binn\;C:\Program Files (x86)\nodejs\;C:\Program Files (x86)\Windows Kits\10\Windows Performance Toolkit\;C:\Program Files (x86)\QuickTime\QTSystem\;C:\WINDOWS\System32\OpenSSH\;C:\Program Files\NVIDIA Corporation\NVIDIA NvDLISR;D:\RJ_XMGL\VisualSvn server\bin;C:\Program Files\TortoiseSVN\bin;C:\Program Files\OpenSSL-Win64\bin;C:\Users\14500\AppData\Local\Microsoft\WindowsApps;C:\Users\14500\AppData\Roaming\npm;;C:\Users\14500\Desktop;
USERNAME=14500
OS=Windows_NT
PROCESSOR_IDENTIFIER=Intel64 Family 6 Model 94 Stepping 3, GenuineIntel



---------------  S Y S T E M  ---------------

OS: Windows 10.0 , 64 bit Build 18362 (10.0.18362.329)

CPU:total 8 (4 cores per cpu, 2 threads per core) family 6 model 94 stepping 3, cmov, cx8, fxsr, mmx, sse, sse2, sse3, ssse3, sse4.1, sse4.2, popcnt, avx, avx2, aes, clmul, erms, rtm, 3dnowpref, lzcnt, ht, tsc, tscinvbit, bmi1, bmi2, adx

Memory: 4k page, physical 16711688k(11718800k free), swap 17760264k(10808056k free)

vm_info: OpenJDK Client VM (25.40-b25) for windows-x86 JRE (1.8.0_41-b04), built on Jan 15 2020 07:02:01 by "rejava" with MS VC++ 10.0 (VS2010)

time: Thu Apr 23 00:19:54 2020
elapsed time: 0 seconds (0d 0h 0m 0s)

