#
# A fatal error has been detected by the Java Runtime Environment:
#
#  EXCEPTION_ACCESS_VIOLATION (0xc0000005) at pc=0x7ba3287b, pid=15272, tid=10544
#
# JRE version: OpenJDK Runtime Environment (8.0_41-b04) (build 1.8.0_41-b04)
# Java VM: OpenJDK Client VM (25.40-b25 mixed mode windows-x86 )
# Problematic frame:
# V  [jvm.dll+0xc287b]
#
# Failed to write core dump. Minidumps are not enabled by default on client versions of Windows
#
# If you would like to submit a bug report, please visit:
#   http://bugreport.java.com/bugreport/crash.jsp
#

---------------  T H R E A D  ---------------

Current thread (0x034ec400):  JavaThread "main" [_thread_in_vm, id=10544, stack(0x01580000,0x015d0000)]

siginfo: ExceptionCode=0xc0000005, reading address 0x00000000

Registers:
EAX=0x00000000, EBX=0x034ec530, ECX=0x034ec400, EDX=0x0000063e
ESP=0x015cf86c, EBP=0x015cf8b4, ESI=0x034ec400, EDI=0x00000000
EIP=0x7ba3287b, EFLAGS=0x00010246

Top of Stack: (sp=0x015cf86c)
0x015cf86c:   015cf9a4 015cf8cc 15848340 cccccccc
0x015cf87c:   cccccccc cccccccc cccccccc cccccccc
0x015cf88c:   cccccccc cccccccc cccccccc cccccccc
0x015cf89c:   cccccccc cccccccc 034ec400 034ecaf0
0x015cf8ac:   0000063e 7bc21258 015cf9a4 7aaa18b8
0x015cf8bc:   034ec530 02f0ac40 00000000 015cf9b8
0x015cf8cc:   015cfad8 15848340 15848340 cccccccc
0x015cf8dc:   cccccccc cccccccc cccccccc cccccccc 

Instructions: (pc=0x7ba3287b)
0x7ba3285b:   f4 ff 83 c4 08 83 7e 04 00 89 75 f0 c7 45 f4 00
0x7ba3286b:   00 00 00 74 08 8d 4d f0 e8 f8 2d 0c 00 8b 7d 10
0x7ba3287b:   8b 07 c7 45 e0 0e 00 00 00 8b 40 04 0f b7 48 1a
0x7ba3288b:   8b 50 08 8b 44 8a 2c 50 8d 4d c4 e8 65 e5 08 00 


Register to memory mapping:

EAX=0x00000000 is an unknown value
EBX=0x034ec530 is an unknown value
ECX=0x034ec400 is a thread
EDX=0x0000063e is an unknown value
ESP=0x015cf86c is pointing into the stack for thread: 0x034ec400
EBP=0x015cf8b4 is pointing into the stack for thread: 0x034ec400
ESI=0x034ec400 is a thread
EDI=0x00000000 is an unknown value


Stack: [0x01580000,0x015d0000],  sp=0x015cf86c,  free space=318k
Native frames: (J=compiled Java code, j=interpreted, Vv=VM code, C=native code)
V  [jvm.dll+0xc287b]
C  [SDF_to_JCE.dll+0x118b8]  JNIEnv_::CallVoidMethod+0x48
C  [SDF_to_JCE.dll+0x1222f]  Java_com_No_1N_1Name_jce_sdf_1JNI_jni_1method_SDF_1GenerateKeyPair_1RSA+0xbf
j  com.No_N_Name.jce.sdf_JNI.jni_method.SDF_GenerateKeyPair_RSA(JJLcom/No_N_Name/jce/entity/RSArefPublicKey;Lcom/No_N_Name/jce/entity/RSArefPrivateKey;)I+0
j  com.No_N_Name.jce.provider.RSA.RSAKeyPairGeneratorSpi.generateKeyPair()Ljava/security/KeyPair;+48
j  java.security.KeyPairGenerator$Delegate.generateKeyPair()Ljava/security/KeyPair;+11
j  java.security.KeyPairGenerator.genKeyPair()Ljava/security/KeyPair;+1
j  test.RSATest.RSA_T.main([Ljava/lang/String;)V+74
v  ~StubRoutines::call_stub
V  [jvm.dll+0x139325]
V  [jvm.dll+0x1f65fe]
V  [jvm.dll+0x1393be]
V  [jvm.dll+0xbf6f7]
V  [jvm.dll+0xc7c9f]
C  [javaw.exe+0x229a]
C  [javaw.exe+0xadff]
C  [javaw.exe+0xae89]
C  [KERNEL32.DLL+0x16359]
C  [ntdll.dll+0x67b74]
C  [ntdll.dll+0x67b44]
C  0x00000000

Java frames: (J=compiled Java code, j=interpreted, Vv=VM code)
j  com.No_N_Name.jce.sdf_JNI.jni_method.SDF_GenerateKeyPair_RSA(JJLcom/No_N_Name/jce/entity/RSArefPublicKey;Lcom/No_N_Name/jce/entity/RSArefPrivateKey;)I+0
j  com.No_N_Name.jce.provider.RSA.RSAKeyPairGeneratorSpi.generateKeyPair()Ljava/security/KeyPair;+48
j  java.security.KeyPairGenerator$Delegate.generateKeyPair()Ljava/security/KeyPair;+11
j  java.security.KeyPairGenerator.genKeyPair()Ljava/security/KeyPair;+1
j  test.RSATest.RSA_T.main([Ljava/lang/String;)V+74
v  ~StubRoutines::call_stub

---------------  P R O C E S S  ---------------

Java Threads: ( => current thread )
  0x15a92400 JavaThread "Service Thread" daemon [_thread_blocked, id=17588, stack(0x15e50000,0x15ea0000)]
  0x15a8c400 JavaThread "C1 CompilerThread0" daemon [_thread_blocked, id=13256, stack(0x15dc0000,0x15e10000)]
  0x15a8b800 JavaThread "Attach Listener" daemon [_thread_blocked, id=10768, stack(0x15d30000,0x15d80000)]
  0x15a88400 JavaThread "Signal Dispatcher" daemon [_thread_blocked, id=18368, stack(0x15ca0000,0x15cf0000)]
  0x15a63c00 JavaThread "Finalizer" daemon [_thread_blocked, id=14108, stack(0x05580000,0x055d0000)]
  0x02f0dc00 JavaThread "Reference Handler" daemon [_thread_blocked, id=18140, stack(0x054f0000,0x05540000)]
=>0x034ec400 JavaThread "main" [_thread_in_vm, id=10544, stack(0x01580000,0x015d0000)]

Other Threads:
  0x02f0a000 VMThread [stack: 0x03420000,0x03470000] [id=8132]
  0x15a96000 WatcherThread [stack: 0x15ee0000,0x15f30000] [id=7784]

VM state:not at safepoint (normal execution)

VM Mutex/Monitor currently owned by a thread: None

Heap:
 def new generation   total 4928K, used 2267K [0x05600000, 0x05b50000, 0x0ab50000)
  eden space 4416K,  51% used [0x05600000, 0x05836d38, 0x05a50000)
  from space 512K,   0% used [0x05a50000, 0x05a50000, 0x05ad0000)
  to   space 512K,   0% used [0x05ad0000, 0x05ad0000, 0x05b50000)
 tenured generation   total 10944K, used 0K [0x0ab50000, 0x0b600000, 0x15600000)
   the space 10944K,   0% used [0x0ab50000, 0x0ab50000, 0x0ab50200, 0x0b600000)
 Metaspace       used 2311K, capacity 2360K, committed 2368K, reserved 4480K

Card table byte_map: [0x032f0000,0x03380000] byte_map_base: 0x032c5000

Polling page: 0x015d0000

CodeCache: size=32768Kb used=784Kb max_used=784Kb free=31983Kb
 bounds [0x034f0000, 0x035b8000, 0x054f0000]
 total_blobs=235 nmethods=65 adapters=102
 compilation: enabled

Compilation events (10 events):
Event: 0.156 Thread 0x15a8c400   61             java.util.HashMap::hash (20 bytes)
Event: 0.156 Thread 0x15a8c400 nmethod 61 0x035aef88 code [0x035af080, 0x035af11c]
Event: 0.157 Thread 0x15a8c400   62             java.lang.String::toUpperCase (439 bytes)
Event: 0.158 Thread 0x15a8c400 nmethod 62 0x035af588 code [0x035af790, 0x035aff90]
Event: 0.158 Thread 0x15a8c400   63             java.lang.Character::toUpperCaseEx (30 bytes)
Event: 0.158 Thread 0x15a8c400 nmethod 63 0x035b09c8 code [0x035b0ad0, 0x035b0b78]
Event: 0.158 Thread 0x15a8c400   64             java.lang.CharacterDataLatin1::toUpperCaseEx (71 bytes)
Event: 0.158 Thread 0x15a8c400 nmethod 64 0x035b0c08 code [0x035b0d00, 0x035b0e00]
Event: 0.158 Thread 0x15a8c400   65             java.util.HashMap::putVal (300 bytes)
Event: 0.158 Thread 0x15a8c400 nmethod 65 0x035b0f08 code [0x035b10b0, 0x035b1548]

GC Heap History (0 events):
No events

Deoptimization events (0 events):
No events

Internal exceptions (3 events):
Event: 0.053 Thread 0x034ec400 Exception <a 'java/lang/NoSuchMethodError': Method sun.misc.Unsafe.defineClass(Ljava/lang/String;[BII)Ljava/lang/Class; name or signature does not match> (0x05610870) thrown at [C:\ade\jenkins\workspace\8-2-build-owindows-i586-cygwin\jdk8u41\500\hotspot\srµ#ãÍcÙ™?
Event: 0.053 Thread 0x034ec400 Exception <a 'java/lang/NoSuchMethodError': Method sun.misc.Unsafe.prefetchRead(Ljava/lang/Object;J)V name or signature does not match> (0x05610af0) thrown at [C:\ade\jenkins\workspace\8-2-build-owindows-i586-cygwin\jdk8u41\500\hotspot\src\share\vm\prims\j¢ŒÅäO¶≈?
Event: 0.169 Thread 0x034ec400 Exception <a 'java/lang/NoSuchMethodError': setBits> (0x058290f8) thrown at [C:\ade\jenkins\workspace\8-2-build-owindows-i586-cygwin\jdk8u41\500\hotspot\src\share\vm\prims\jni.cpp, line 1598]

Events (10 events):
Event: 0.158 loading class com/No_N_Name/jce/entity/RSArefPublicKey
Event: 0.158 loading class com/No_N_Name/jce/entity/RSArefPublicKey done
Event: 0.159 loading class com/No_N_Name/jce/Numbers/MagicNumber
Event: 0.159 loading class com/No_N_Name/jce/Numbers/MagicNumber done
Event: 0.159 loading class com/No_N_Name/jce/entity/RSArefPrivateKey
Event: 0.159 loading class com/No_N_Name/jce/entity/RSArefPrivateKey done
Event: 0.160 loading class java/lang/ClassLoaderHelper
Event: 0.160 loading class java/lang/ClassLoaderHelper done
Event: 0.168 loading class com/No_N_Name/jce/sdf_JNI/jni_method
Event: 0.168 loading class com/No_N_Name/jce/sdf_JNI/jni_method done


Dynamic libraries:
0x00df0000 - 0x00e21000 	C:\Program Files\Java\openjdk-8u41-b04-windows-i586-14_jan_2020\java-se-8u41-ri\jre\bin\javaw.exe
0x77c90000 - 0x77e2a000 	C:\WINDOWS\SYSTEM32\ntdll.dll
0x76140000 - 0x76220000 	C:\WINDOWS\System32\KERNEL32.DLL
0x77850000 - 0x77a4e000 	C:\WINDOWS\System32\KERNELBASE.dll
0x77bf0000 - 0x77c69000 	C:\WINDOWS\System32\ADVAPI32.dll
0x76540000 - 0x765ff000 	C:\WINDOWS\System32\msvcrt.dll
0x75480000 - 0x754f6000 	C:\WINDOWS\System32\sechost.dll
0x76220000 - 0x762db000 	C:\WINDOWS\System32\RPCRT4.dll
0x75460000 - 0x75480000 	C:\WINDOWS\System32\SspiCli.dll
0x75450000 - 0x7545a000 	C:\WINDOWS\System32\CRYPTBASE.dll
0x77a50000 - 0x77aaf000 	C:\WINDOWS\System32\bcryptPrimitives.dll
0x75600000 - 0x75797000 	C:\WINDOWS\System32\USER32.dll
0x755b0000 - 0x755c7000 	C:\WINDOWS\System32\win32u.dll
0x755d0000 - 0x755f1000 	C:\WINDOWS\System32\GDI32.dll
0x763e0000 - 0x7653a000 	C:\WINDOWS\System32\gdi32full.dll
0x76d70000 - 0x76dec000 	C:\WINDOWS\System32\msvcp_win.dll
0x758d0000 - 0x759ef000 	C:\WINDOWS\System32\ucrtbase.dll
0x687c0000 - 0x689cf000 	C:\WINDOWS\WinSxS\x86_microsoft.windows.common-controls_6595b64144ccf1df_6.0.18362.720_none_2e6bec9c2790ac71\COMCTL32.dll
0x77460000 - 0x776d5000 	C:\WINDOWS\System32\combase.dll
0x77b70000 - 0x77b95000 	C:\WINDOWS\System32\IMM32.DLL
0x7bd10000 - 0x7bdcf000 	C:\Program Files\Java\openjdk-8u41-b04-windows-i586-14_jan_2020\java-se-8u41-ri\jre\bin\msvcr100.dll
0x7b970000 - 0x7bcf3000 	C:\Program Files\Java\openjdk-8u41-b04-windows-i586-14_jan_2020\java-se-8u41-ri\jre\bin\client\jvm.dll
0x76600000 - 0x76606000 	C:\WINDOWS\System32\PSAPI.DLL
0x65dc0000 - 0x65dc8000 	C:\WINDOWS\SYSTEM32\WSOCK32.dll
0x736c0000 - 0x736e4000 	C:\WINDOWS\SYSTEM32\WINMM.dll
0x73ab0000 - 0x73ab8000 	C:\WINDOWS\SYSTEM32\VERSION.dll
0x77400000 - 0x7745e000 	C:\WINDOWS\System32\WS2_32.dll
0x73690000 - 0x736b3000 	C:\WINDOWS\SYSTEM32\winmmbase.dll
0x76100000 - 0x7613b000 	C:\WINDOWS\System32\cfgmgr32.dll
0x7bd00000 - 0x7bd0c000 	C:\Program Files\Java\openjdk-8u41-b04-windows-i586-14_jan_2020\java-se-8u41-ri\jre\bin\verify.dll
0x7bdf0000 - 0x7be11000 	C:\Program Files\Java\openjdk-8u41-b04-windows-i586-14_jan_2020\java-se-8u41-ri\jre\bin\java.dll
0x7bdd0000 - 0x7bde3000 	C:\Program Files\Java\openjdk-8u41-b04-windows-i586-14_jan_2020\java-se-8u41-ri\jre\bin\zip.dll
0x76df0000 - 0x7736a000 	C:\WINDOWS\System32\SHELL32.dll
0x77370000 - 0x773f4000 	C:\WINDOWS\System32\shcore.dll
0x766f0000 - 0x76cb5000 	C:\WINDOWS\System32\windows.storage.dll
0x77bd0000 - 0x77beb000 	C:\WINDOWS\System32\profapi.dll
0x76610000 - 0x76653000 	C:\WINDOWS\System32\powrprof.dll
0x77ba0000 - 0x77bad000 	C:\WINDOWS\System32\UMPDC.dll
0x75fa0000 - 0x75fe4000 	C:\WINDOWS\System32\shlwapi.dll
0x77bc0000 - 0x77bcf000 	C:\WINDOWS\System32\kernel.appcore.dll
0x77ab0000 - 0x77ac3000 	C:\WINDOWS\System32\cryptsp.dll
0x7be30000 - 0x7be50000 	C:\Program Files\Java\openjdk-8u41-b04-windows-i586-14_jan_2020\java-se-8u41-ri\jre\bin\sunec.dll
0x7be20000 - 0x7be29000 	C:\Program Files\Java\openjdk-8u41-b04-windows-i586-14_jan_2020\java-se-8u41-ri\jre\bin\sunmscapi.dll
0x75ea0000 - 0x75f9b000 	C:\WINDOWS\System32\CRYPT32.dll
0x77bb0000 - 0x77bbe000 	C:\WINDOWS\System32\MSASN1.dll
0x7aa90000 - 0x7aab1000 	C:\Users\14500\Desktop\1--SJJ1012-A∑˛ŒÒ∆˜√‹¬Îª˙\JNI◊™ªª\SDF_to_JCE\Debug\SDF_to_JCE.dll
0x7c000000 - 0x7c01c000 	C:\WINDOWS\SYSTEM32\VCRUNTIME140D.dll
0x7be80000 - 0x7bff6000 	C:\WINDOWS\SYSTEM32\ucrtbased.dll
0x73f00000 - 0x7408f000 	C:\WINDOWS\SYSTEM32\dbghelp.dll

VM Arguments:
jvm_args: -Djava.library.path=C:\Users\14500\Desktop\1--SJJ1012-A∑˛ŒÒ∆˜√‹¬Îª˙\JNI◊™ªª\SDF_to_JCE\Debug -Dfile.encoding=GBK 
java_command: test.RSATest.RSA_T
java_class_path (initial): D:\eclipseWorkspace\JCE_Provider\bin
Launcher Type: SUN_STANDARD

Environment Variables:
JAVA_HOME=C:\Program Files\Java\jdk1.8.0_241
CLASSPATH=.;C:\Program Files\Java\jdk1.8.0_241\lib\dt.jar;C:\Program Files\Java\jdk1.8.0_241\lib\tools.jar;
PATH=C:/Program Files/Java/jdk1.8.0_241/bin/../jre/bin/server;C:/Program Files/Java/jdk1.8.0_241/bin/../jre/bin;C:/Program Files/Java/jdk1.8.0_241/bin/../jre/lib/amd64;C:\WINDOWS;C:\Program Files\Java\jdk1.8.0_241\bin;C:\Program Files\Java\jdk1.8.0_241\jre\bin;C:\Program Files (x86)\Common Files\Oracle\Java\javapath;C:\ProgramData\Oracle\Java\javapath;C:\Program Files (x86)\Intel\iCLS Client\;C:\Program Files\Intel\iCLS Client\;C:\Windows\system32;C:\Windows;C:\Windows\System32\Wbem;C:\Windows\System32\WindowsPowerShell\v1.0\;C:\Program Files\Intel\WiFi\bin\;C:\Program Files\Common Files\Intel\WirelessCommon\;C:\Program Files (x86)\NVIDIA Corporation\PhysX\Common;C:\Program Files (x86)\Intel\Intel(R) Management Engine Components\DAL;C:\Program Files\Intel\Intel(R) Management Engine Components\DAL;C:\Program Files (x86)\Intel\Intel(R) Management Engine Components\IPT;C:\Program Files\Intel\Intel(R) Management Engine Components\IPT;C:\Users\14500\.dnx\bin;C:\Program Files\Microsoft DNX\Dnvm\;C:\Program Files\Microsoft SQL Server\130\Tools\Binn\;C:\WINDOWS\system32;C:\WINDOWS\System32\Wbem;C:\WINDOWS\System32\WindowsPowerShell\v1.0\;C:\Program Files\Microsoft SQL Server\120\Tools\Binn\;C:\Program Files (x86)\nodejs\;C:\Program Files (x86)\Windows Kits\10\Windows Performance Toolkit\;C:\Program Files (x86)\QuickTime\QTSystem\;C:\WINDOWS\System32\OpenSSH\;C:\Program Files\NVIDIA Corporation\NVIDIA NvDLISR;D:\RJ_XMGL\VisualSvn server\bin;C:\Program Files\TortoiseSVN\bin;C:\Program Files\OpenSSL-Win64\bin;C:\Users\14500\AppData\Local\Microsoft\WindowsApps;C:\Users\14500\AppData\Roaming\npm;;C:\Users\14500\Desktop;
USERNAME=14500
OS=Windows_NT
PROCESSOR_IDENTIFIER=Intel64 Family 6 Model 94 Stepping 3, GenuineIntel



---------------  S Y S T E M  ---------------

OS: Windows 10.0 , 64 bit Build 18362 (10.0.18362.329)

CPU:total 8 (4 cores per cpu, 2 threads per core) family 6 model 94 stepping 3, cmov, cx8, fxsr, mmx, sse, sse2, sse3, ssse3, sse4.1, sse4.2, popcnt, avx, avx2, aes, clmul, erms, rtm, 3dnowpref, lzcnt, ht, tsc, tscinvbit, bmi1, bmi2, adx

Memory: 4k page, physical 16711688k(11743740k free), swap 17760264k(10830408k free)

vm_info: OpenJDK Client VM (25.40-b25) for windows-x86 JRE (1.8.0_41-b04), built on Jan 15 2020 07:02:01 by "rejava" with MS VC++ 10.0 (VS2010)

time: Thu Apr 23 00:14:17 2020
elapsed time: 0 seconds (0d 0h 0m 0s)

